{
  "RSpec": {
    "coverage": {
      "/Users/brandoncase/workspaces/social-app-for-fixd/app/models/user.rb": {
        "lines": [
          1,
          1,
          null,
          null,
          null,
          1,
          null,
          1,
          null,
          null,
          null,
          null
        ]
      },
      "/Users/brandoncase/workspaces/social-app-for-fixd/app/models/application_record.rb": {
        "lines": [
          1,
          1,
          null
        ]
      },
      "/Users/brandoncase/workspaces/social-app-for-fixd/app/models/jwt_denylist.rb": {
        "lines": [
          1,
          1,
          null
        ]
      },
      "/Users/brandoncase/workspaces/social-app-for-fixd/app/controllers/api/v1/auth/registrations_controller.rb": {
        "lines": [
          1,
          1,
          1,
          1,
          1,
          null,
          1,
          29,
          null,
          27,
          12,
          null,
          15,
          null,
          null,
          null,
          null,
          1,
          null,
          1,
          29,
          null,
          null,
          null,
          null,
          null
        ]
      },
      "/Users/brandoncase/workspaces/social-app-for-fixd/app/controllers/api/v1/auth/base_controller.rb": {
        "lines": [
          1,
          1,
          1,
          1,
          1,
          1,
          null,
          null,
          1,
          0,
          null,
          null,
          1,
          0,
          null,
          null,
          1,
          0,
          null,
          null,
          1,
          2,
          null,
          null,
          null,
          null,
          null,
          null,
          null,
          null,
          null
        ]
      },
      "/Users/brandoncase/workspaces/social-app-for-fixd/app/controllers/concerns/json_responder.rb": {
        "lines": [
          1,
          1,
          null,
          null,
          1,
          0,
          0,
          0,
          0,
          null,
          null,
          1,
          0,
          null,
          null,
          1,
          6,
          null,
          null,
          null,
          1,
          17,
          17,
          17,
          null,
          null,
          1,
          0,
          null,
          null,
          0,
          null,
          null,
          null,
          null,
          1,
          0,
          null,
          null,
          1,
          15,
          null,
          null,
          1,
          0,
          null,
          null,
          null,
          1,
          0,
          0,
          0,
          null,
          0,
          0,
          null,
          0,
          null,
          null,
          null,
          0,
          0,
          null,
          0,
          null,
          null,
          null,
          1,
          0,
          0,
          0,
          null,
          0,
          0,
          null,
          0,
          null,
          null,
          null,
          0,
          0,
          null,
          0,
          null,
          null,
          null,
          null,
          1,
          0,
          0,
          null,
          0,
          null,
          null,
          null,
          1,
          0,
          null,
          null,
          1,
          0,
          null,
          null,
          null,
          1,
          null,
          0,
          null,
          null,
          null,
          null,
          null,
          null,
          null,
          null,
          0,
          0,
          null,
          0,
          null,
          null,
          0,
          null,
          null
        ]
      },
      "/Users/brandoncase/workspaces/social-app-for-fixd/app/controllers/api/v1/posts_controller.rb": {
        "lines": [
          1,
          1,
          1,
          1,
          1,
          null,
          null,
          1,
          11,
          null,
          null,
          null,
          null,
          null,
          11,
          null,
          null,
          null,
          null,
          null,
          null,
          1,
          7,
          7,
          null,
          null,
          null,
          null,
          null,
          null,
          1,
          17,
          17,
          null,
          9,
          9,
          null,
          8,
          null,
          null,
          null,
          null,
          1,
          null,
          11,
          3,
          null,
          null,
          8,
          null,
          6,
          6,
          null,
          2,
          null,
          null,
          null,
          null,
          1,
          null,
          9,
          3,
          null,
          null,
          6,
          null,
          6,
          6,
          null,
          null,
          1,
          null,
          1,
          33,
          null,
          6,
          null,
          null,
          1,
          25,
          null,
          null,
          null,
          null
        ]
      },
      "/Users/brandoncase/workspaces/social-app-for-fixd/app/controllers/api/v1/base_controller.rb": {
        "lines": [
          1,
          1,
          1,
          1,
          1,
          null,
          1,
          null,
          null,
          1,
          0,
          null,
          null,
          1,
          0,
          null,
          null,
          1,
          0,
          null,
          null,
          1,
          0,
          null,
          null,
          null,
          null,
          null,
          null,
          1,
          null,
          1,
          112,
          112,
          null,
          102,
          102,
          null,
          97,
          97,
          null,
          null,
          1,
          67,
          null,
          null,
          1,
          112,
          112,
          null,
          102,
          null,
          null,
          1,
          null,
          102,
          null,
          97,
          97,
          null,
          null,
          1,
          15,
          null,
          null,
          null,
          null
        ]
      },
      "/Users/brandoncase/workspaces/social-app-for-fixd/app/controllers/api/v1/ratings_controller.rb": {
        "lines": [
          1,
          1,
          1,
          1,
          1,
          null,
          null,
          1,
          6,
          3,
          null,
          3,
          null,
          null,
          null,
          null,
          1,
          19,
          19,
          null,
          18,
          10,
          null,
          8,
          8,
          null,
          null,
          null,
          1,
          null,
          null,
          null,
          1,
          11,
          2,
          null,
          9,
          9,
          6,
          null,
          3,
          3,
          null,
          null,
          null,
          null,
          null,
          null,
          1,
          7,
          2,
          null,
          5,
          5,
          5,
          null,
          null,
          null,
          null,
          1,
          null,
          1,
          49,
          null,
          6,
          null,
          null,
          1,
          24,
          null,
          null,
          1,
          28,
          null,
          null,
          null,
          null
        ]
      },
      "/Users/brandoncase/workspaces/social-app-for-fixd/app/controllers/api/v1/timeline_controller.rb": {
        "lines": [
          1,
          1,
          1,
          null,
          1,
          23,
          23,
          23,
          null,
          null,
          23,
          null,
          null,
          null,
          null,
          null,
          23,
          null,
          null,
          null,
          null
        ]
      },
      "/Users/brandoncase/workspaces/social-app-for-fixd/app/models/post.rb": {
        "lines": [
          1,
          1,
          1,
          null,
          1,
          1,
          null,
          135,
          null,
          1,
          193,
          null,
          null
        ]
      },
      "/Users/brandoncase/workspaces/social-app-for-fixd/app/models/rating.rb": {
        "lines": [
          1,
          1,
          1,
          null,
          1,
          1,
          null,
          null,
          1,
          null,
          1,
          null,
          1,
          102,
          null,
          null,
          null,
          101,
          101,
          101,
          101,
          101,
          null,
          null,
          null,
          null,
          0,
          null,
          null
        ]
      },
      "/Users/brandoncase/workspaces/social-app-for-fixd/app/services/timeline_cache_service.rb": {
        "lines": [
          1,
          1,
          1,
          null,
          1,
          38,
          null,
          38,
          38,
          null,
          null,
          null,
          1,
          null,
          1,
          null,
          null,
          1,
          null,
          22,
          null,
          null,
          1,
          null,
          1,
          38,
          38,
          38,
          null,
          null,
          1,
          38,
          null,
          null,
          null,
          null,
          null,
          null,
          38,
          7,
          null,
          null,
          38,
          null,
          null,
          null,
          null,
          null,
          null,
          null,
          null,
          null,
          null
        ]
      },
      "/Users/brandoncase/workspaces/social-app-for-fixd/app/controllers/api/v1/auth/sessions_controller.rb": {
        "lines": [
          1,
          1,
          1,
          1,
          1,
          1,
          null,
          1,
          6,
          null,
          6,
          0,
          null,
          null,
          null,
          null,
          6,
          null,
          null,
          null,
          null,
          null,
          null,
          null,
          null,
          1,
          null,
          2,
          null,
          2,
          null,
          null,
          1,
          null,
          null,
          1,
          null,
          null,
          null,
          1,
          2,
          null,
          null,
          1,
          null,
          1,
          6,
          null,
          null,
          1,
          null,
          null,
          0,
          null,
          null,
          1,
          4,
          4,
          null,
          3,
          3,
          null,
          2,
          2,
          null,
          null,
          1,
          2,
          null,
          null,
          1,
          6,
          6,
          null,
          4,
          null,
          null,
          1,
          null,
          3,
          null,
          2,
          null,
          null,
          1,
          2,
          null,
          null,
          null,
          null,
          null
        ]
      },
      "/Users/brandoncase/workspaces/social-app-for-fixd/app/controllers/application_controller.rb": {
        "lines": [
          0,
          0
        ],
        "branches": {}
      },
      "/Users/brandoncase/workspaces/social-app-for-fixd/app/jobs/application_job.rb": {
        "lines": [
          0,
          null,
          null,
          null,
          null,
          null,
          0
        ],
        "branches": {}
      },
      "/Users/brandoncase/workspaces/social-app-for-fixd/app/mailers/application_mailer.rb": {
        "lines": [
          0,
          0,
          0,
          0
        ],
        "branches": {}
      },
      "/Users/brandoncase/workspaces/social-app-for-fixd/app/models/ability.rb": {
        "lines": [
          0,
          0,
          null,
          0,
          null,
          0,
          null,
          0,
          null,
          null,
          0,
          null,
          null,
          0,
          null,
          null,
          0,
          null,
          null,
          0,
          0,
          0,
          0
        ],
        "branches": {}
      },
      "/Users/brandoncase/workspaces/social-app-for-fixd/app/serializers/post_serializer.rb": {
        "lines": [
          0,
          0,
          0,
          0,
          null,
          0,
          0,
          0,
          0,
          0,
          0,
          0
        ],
        "branches": {}
      },
      "/Users/brandoncase/workspaces/social-app-for-fixd/app/services/performance_monitoring_service.rb": {
        "lines": [
          0,
          0,
          0,
          0,
          null,
          0,
          0,
          0,
          0,
          0,
          0,
          null,
          0,
          0,
          0,
          null,
          0,
          0,
          0,
          0,
          0,
          0,
          null,
          0,
          null,
          0,
          0,
          0,
          0,
          0,
          null,
          0,
          null,
          0,
          0,
          0,
          null,
          0,
          0,
          0,
          0,
          null,
          0,
          0,
          0,
          0
        ],
        "branches": {}
      }
    },
    "timestamp": 1757512227
  }
}
